<component name="libraryTable">
  <library name="junit5-1.26.115">
    <CLASSES>
      <root url="jar://C:/junit/junit5-1.26.115.jar!/" />
    </CLASSES>
    <JAVADOC />
    <SOURCES />
  </library>
</component>